{"/Users/denisnikitin/Desktop/weather/src/components/screens/home/forecast3day/Forecast3Day.tsx": {"path":"/Users/denisnikitin/Desktop/weather/src/components/screens/home/forecast3day/Forecast3Day.tsx","statementMap":{"0":{"start":{"line":8,"column":40},"end":{"line":69,"column":1}},"1":{"start":{"line":9,"column":15},"end":{"line":9,"column":38}},"2":{"start":{"line":11,"column":26},"end":{"line":11,"column":50}},"3":{"start":{"line":13,"column":2},"end":{"line":13,"column":66}},"4":{"start":{"line":13,"column":18},"end":{"line":13,"column":57}},"5":{"start":{"line":15,"column":25},"end":{"line":16,"column":87}},"6":{"start":{"line":16,"column":4},"end":{"line":16,"column":87}},"7":{"start":{"line":16,"column":34},"end":{"line":16,"column":85}},"8":{"start":{"line":18,"column":2},"end":{"line":21,"column":12}},"9":{"start":{"line":19,"column":4},"end":{"line":19,"column":20}},"10":{"start":{"line":23,"column":2},"end":{"line":68,"column":3}},"11":{"start":{"line":27,"column":10},"end":{"line":43,"column":11}},"12":{"start":{"line":31,"column":29},"end":{"line":31,"column":42}},"13":{"start":{"line":49,"column":8},"end":{"line":65,"column":9}}},"fnMap":{"0":{"name":"(anonymous_0)","decl":{"start":{"line":8,"column":40},"end":{"line":8,"column":41}},"loc":{"start":{"line":8,"column":46},"end":{"line":69,"column":1}},"line":8},"1":{"name":"(anonymous_1)","decl":{"start":{"line":13,"column":12},"end":{"line":13,"column":13}},"loc":{"start":{"line":13,"column":18},"end":{"line":13,"column":57}},"line":13},"2":{"name":"(anonymous_2)","decl":{"start":{"line":15,"column":25},"end":{"line":15,"column":26}},"loc":{"start":{"line":16,"column":4},"end":{"line":16,"column":87}},"line":16},"3":{"name":"(anonymous_3)","decl":{"start":{"line":16,"column":23},"end":{"line":16,"column":24}},"loc":{"start":{"line":16,"column":34},"end":{"line":16,"column":85}},"line":16},"4":{"name":"(anonymous_4)","decl":{"start":{"line":18,"column":12},"end":{"line":18,"column":13}},"loc":{"start":{"line":18,"column":18},"end":{"line":21,"column":3}},"line":18},"5":{"name":"(anonymous_5)","decl":{"start":{"line":26,"column":42},"end":{"line":26,"column":43}},"loc":{"start":{"line":26,"column":57},"end":{"line":44,"column":9}},"line":26},"6":{"name":"(anonymous_6)","decl":{"start":{"line":31,"column":23},"end":{"line":31,"column":24}},"loc":{"start":{"line":31,"column":29},"end":{"line":31,"column":42}},"line":31},"7":{"name":"(anonymous_7)","decl":{"start":{"line":48,"column":29},"end":{"line":48,"column":30}},"loc":{"start":{"line":48,"column":39},"end":{"line":66,"column":7}},"line":48}},"branchMap":{"0":{"loc":{"start":{"line":16,"column":34},"end":{"line":16,"column":85}},"type":"cond-expr","locations":[{"start":{"line":16,"column":76},"end":{"line":16,"column":80}},{"start":{"line":16,"column":83},"end":{"line":16,"column":85}}],"line":16},"1":{"loc":{"start":{"line":35,"column":18},"end":{"line":35,"column":60}},"type":"cond-expr","locations":[{"start":{"line":35,"column":45},"end":{"line":35,"column":55}},{"start":{"line":35,"column":58},"end":{"line":35,"column":60}}],"line":35}},"s":{"0":1,"1":1,"2":1,"3":1,"4":1,"5":1,"6":2,"7":0,"8":1,"9":1,"10":1,"11":0,"12":0,"13":0},"f":{"0":1,"1":1,"2":2,"3":0,"4":1,"5":0,"6":0,"7":0},"b":{"0":[0,0],"1":[0,0]},"_coverageSchema":"1a1c01bbd47fc00a2c39e90264f33305004495a9","hash":"e49b684f7c235db5cbaf1f6325d2fb5da16efe73"}
,"/Users/denisnikitin/Desktop/weather/src/components/screens/home/forecastDay/ForecastDay.tsx": {"path":"/Users/denisnikitin/Desktop/weather/src/components/screens/home/forecastDay/ForecastDay.tsx","statementMap":{"0":{"start":{"line":6,"column":39},"end":{"line":21,"column":1}},"1":{"start":{"line":7,"column":15},"end":{"line":7,"column":38}},"2":{"start":{"line":9,"column":23},"end":{"line":12,"column":3}},"3":{"start":{"line":10,"column":21},"end":{"line":10,"column":95}},"4":{"start":{"line":10,"column":71},"end":{"line":10,"column":94}},"5":{"start":{"line":11,"column":4},"end":{"line":11,"column":19}},"6":{"start":{"line":13,"column":2},"end":{"line":20,"column":3}}},"fnMap":{"0":{"name":"(anonymous_0)","decl":{"start":{"line":6,"column":39},"end":{"line":6,"column":40}},"loc":{"start":{"line":6,"column":45},"end":{"line":21,"column":1}},"line":6},"1":{"name":"(anonymous_1)","decl":{"start":{"line":9,"column":23},"end":{"line":9,"column":24}},"loc":{"start":{"line":9,"column":29},"end":{"line":12,"column":3}},"line":9},"2":{"name":"(anonymous_2)","decl":{"start":{"line":10,"column":61},"end":{"line":10,"column":62}},"loc":{"start":{"line":10,"column":71},"end":{"line":10,"column":94}},"line":10}},"branchMap":{},"s":{"0":1,"1":1,"2":1,"3":1,"4":0,"5":1,"6":1},"f":{"0":1,"1":1,"2":0},"b":{},"_coverageSchema":"1a1c01bbd47fc00a2c39e90264f33305004495a9","hash":"3837769bb34ee0d5f22f9d5e9981240bf828784c"}
,"/Users/denisnikitin/Desktop/weather/src/components/screens/home/popular-area/PopularArea.tsx": {"path":"/Users/denisnikitin/Desktop/weather/src/components/screens/home/popular-area/PopularArea.tsx","statementMap":{"0":{"start":{"line":6,"column":39},"end":{"line":22,"column":1}},"1":{"start":{"line":7,"column":2},"end":{"line":21,"column":3}},"2":{"start":{"line":16,"column":12},"end":{"line":16,"column":61}}},"fnMap":{"0":{"name":"(anonymous_0)","decl":{"start":{"line":6,"column":39},"end":{"line":6,"column":40}},"loc":{"start":{"line":6,"column":45},"end":{"line":22,"column":1}},"line":6},"1":{"name":"(anonymous_1)","decl":{"start":{"line":15,"column":15},"end":{"line":15,"column":16}},"loc":{"start":{"line":15,"column":25},"end":{"line":17,"column":11}},"line":15}},"branchMap":{},"s":{"0":1,"1":1,"2":8},"f":{"0":1,"1":8},"b":{},"_coverageSchema":"1a1c01bbd47fc00a2c39e90264f33305004495a9","hash":"f4b28c326e0fd04e37f564d27013bd23f93bda41"}
,"/Users/denisnikitin/Desktop/weather/src/components/screens/search/SearchPage.tsx": {"path":"/Users/denisnikitin/Desktop/weather/src/components/screens/search/SearchPage.tsx","statementMap":{"0":{"start":{"line":7,"column":38},"end":{"line":31,"column":1}},"1":{"start":{"line":8,"column":38},"end":{"line":8,"column":50}},"2":{"start":{"line":9,"column":27},"end":{"line":9,"column":51}},"3":{"start":{"line":10,"column":2},"end":{"line":30,"column":3}},"4":{"start":{"line":14,"column":25},"end":{"line":14,"column":54}},"5":{"start":{"line":23,"column":23},"end":{"line":23,"column":36}}},"fnMap":{"0":{"name":"(anonymous_0)","decl":{"start":{"line":7,"column":38},"end":{"line":7,"column":39}},"loc":{"start":{"line":7,"column":44},"end":{"line":31,"column":1}},"line":7},"1":{"name":"(anonymous_1)","decl":{"start":{"line":14,"column":18},"end":{"line":14,"column":19}},"loc":{"start":{"line":14,"column":25},"end":{"line":14,"column":54}},"line":14},"2":{"name":"(anonymous_2)","decl":{"start":{"line":23,"column":17},"end":{"line":23,"column":18}},"loc":{"start":{"line":23,"column":23},"end":{"line":23,"column":36}},"line":23}},"branchMap":{},"s":{"0":1,"1":10,"2":9,"3":9,"4":6,"5":1},"f":{"0":10,"1":6,"2":1},"b":{},"_coverageSchema":"1a1c01bbd47fc00a2c39e90264f33305004495a9","hash":"fcd1418af084d34fea01ee04e3874d7db432e7d0"}
,"/Users/denisnikitin/Desktop/weather/src/components/screens/search/search-item/SearchItem.tsx": {"path":"/Users/denisnikitin/Desktop/weather/src/components/screens/search/search-item/SearchItem.tsx","statementMap":{"0":{"start":{"line":5,"column":75},"end":{"line":23,"column":1}},"1":{"start":{"line":6,"column":17},"end":{"line":6,"column":42}},"2":{"start":{"line":7,"column":2},"end":{"line":22,"column":10}},"3":{"start":{"line":13,"column":23},"end":{"line":13,"column":41}}},"fnMap":{"0":{"name":"(anonymous_0)","decl":{"start":{"line":5,"column":75},"end":{"line":5,"column":76}},"loc":{"start":{"line":5,"column":89},"end":{"line":23,"column":1}},"line":5},"1":{"name":"(anonymous_1)","decl":{"start":{"line":13,"column":17},"end":{"line":13,"column":18}},"loc":{"start":{"line":13,"column":23},"end":{"line":13,"column":41}},"line":13}},"branchMap":{"0":{"loc":{"start":{"line":7,"column":9},"end":{"line":22,"column":10}},"type":"cond-expr","locations":[{"start":{"line":8,"column":4},"end":{"line":21,"column":10}},{"start":{"line":22,"column":6},"end":{"line":22,"column":10}}],"line":7}},"s":{"0":1,"1":10,"2":10,"3":0},"f":{"0":10,"1":0},"b":{"0":[0,10]},"_coverageSchema":"1a1c01bbd47fc00a2c39e90264f33305004495a9","hash":"15bc937554bc54d1c97e7547780c71dab222fb54"}
,"/Users/denisnikitin/Desktop/weather/src/components/ui/chart/Chart.js": {"path":"/Users/denisnikitin/Desktop/weather/src/components/ui/chart/Chart.js","statementMap":{"0":{"start":{"line":5,"column":2},"end":{"line":102,"column":12}},"1":{"start":{"line":6,"column":17},"end":{"line":6,"column":68}},"2":{"start":{"line":7,"column":4},"end":{"line":101,"column":8}},"3":{"start":{"line":53,"column":16},"end":{"line":53,"column":25}},"4":{"start":{"line":56,"column":16},"end":{"line":56,"column":32}},"5":{"start":{"line":59,"column":28},"end":{"line":59,"column":48}},"6":{"start":{"line":60,"column":16},"end":{"line":60,"column":28}},"7":{"start":{"line":104,"column":2},"end":{"line":112,"column":3}}},"fnMap":{"0":{"name":"Charts","decl":{"start":{"line":4,"column":9},"end":{"line":4,"column":15}},"loc":{"start":{"line":4,"column":26},"end":{"line":113,"column":1}},"line":4},"1":{"name":"(anonymous_1)","decl":{"start":{"line":5,"column":12},"end":{"line":5,"column":13}},"loc":{"start":{"line":5,"column":18},"end":{"line":102,"column":3}},"line":5},"2":{"name":"(anonymous_2)","decl":{"start":{"line":52,"column":21},"end":{"line":52,"column":22}},"loc":{"start":{"line":52,"column":33},"end":{"line":54,"column":15}},"line":52},"3":{"name":"(anonymous_3)","decl":{"start":{"line":55,"column":30},"end":{"line":55,"column":31}},"loc":{"start":{"line":55,"column":42},"end":{"line":57,"column":15}},"line":55},"4":{"name":"(anonymous_4)","decl":{"start":{"line":58,"column":21},"end":{"line":58,"column":22}},"loc":{"start":{"line":58,"column":40},"end":{"line":61,"column":15}},"line":58}},"branchMap":{"0":{"loc":{"start":{"line":7,"column":4},"end":{"line":101,"column":8}},"type":"binary-expr","locations":[{"start":{"line":7,"column":4},"end":{"line":7,"column":8}},{"start":{"line":8,"column":6},"end":{"line":101,"column":8}}],"line":7}},"s":{"0":1,"1":1,"2":1,"3":0,"4":0,"5":0,"6":0,"7":1},"f":{"0":1,"1":1,"2":0,"3":0,"4":0},"b":{"0":[1,0]},"_coverageSchema":"1a1c01bbd47fc00a2c39e90264f33305004495a9","hash":"c54a899d39775b27ae09a030a839cec83c12e043"}
,"/Users/denisnikitin/Desktop/weather/src/hooks/useCityImage.ts": {"path":"/Users/denisnikitin/Desktop/weather/src/hooks/useCityImage.ts","statementMap":{"0":{"start":{"line":4,"column":28},"end":{"line":33,"column":1}},"1":{"start":{"line":5,"column":24},"end":{"line":8,"column":4}},"2":{"start":{"line":9,"column":26},"end":{"line":9,"column":41}},"3":{"start":{"line":10,"column":2},"end":{"line":31,"column":12}},"4":{"start":{"line":11,"column":4},"end":{"line":29,"column":7}},"5":{"start":{"line":23,"column":8},"end":{"line":28,"column":10}},"6":{"start":{"line":32,"column":2},"end":{"line":32,"column":25}}},"fnMap":{"0":{"name":"(anonymous_0)","decl":{"start":{"line":4,"column":28},"end":{"line":4,"column":29}},"loc":{"start":{"line":4,"column":47},"end":{"line":33,"column":1}},"line":4},"1":{"name":"(anonymous_1)","decl":{"start":{"line":10,"column":12},"end":{"line":10,"column":13}},"loc":{"start":{"line":10,"column":18},"end":{"line":31,"column":3}},"line":10},"2":{"name":"(anonymous_2)","decl":{"start":{"line":22,"column":12},"end":{"line":22,"column":13}},"loc":{"start":{"line":23,"column":8},"end":{"line":28,"column":10}},"line":23}},"branchMap":{"0":{"loc":{"start":{"line":14,"column":13},"end":{"line":14,"column":30}},"type":"binary-expr","locations":[{"start":{"line":14,"column":13},"end":{"line":14,"column":18}},{"start":{"line":14,"column":22},"end":{"line":14,"column":30}}],"line":14}},"s":{"0":1,"1":9,"2":9,"3":9,"4":3,"5":0,"6":9},"f":{"0":9,"1":3,"2":0},"b":{"0":[3,2]},"_coverageSchema":"1a1c01bbd47fc00a2c39e90264f33305004495a9","hash":"36ce35d62837f4d89dfc70350f5beb2bdbe986f2"}
,"/Users/denisnikitin/Desktop/weather/src/hooks/useWeatherData.ts": {"path":"/Users/denisnikitin/Desktop/weather/src/hooks/useWeatherData.ts","statementMap":{"0":{"start":{"line":5,"column":30},"end":{"line":31,"column":1}},"1":{"start":{"line":6,"column":26},"end":{"line":6,"column":43}},"2":{"start":{"line":7,"column":26},"end":{"line":7,"column":38}},"3":{"start":{"line":8,"column":21},"end":{"line":23,"column":3}},"4":{"start":{"line":9,"column":4},"end":{"line":22,"column":38}},"5":{"start":{"line":21,"column":21},"end":{"line":21,"column":38}},"6":{"start":{"line":22,"column":19},"end":{"line":22,"column":37}},"7":{"start":{"line":25,"column":2},"end":{"line":28,"column":12}},"8":{"start":{"line":26,"column":4},"end":{"line":26,"column":16}},"9":{"start":{"line":30,"column":2},"end":{"line":30,"column":26}}},"fnMap":{"0":{"name":"(anonymous_0)","decl":{"start":{"line":5,"column":30},"end":{"line":5,"column":31}},"loc":{"start":{"line":5,"column":36},"end":{"line":31,"column":1}},"line":5},"1":{"name":"(anonymous_1)","decl":{"start":{"line":8,"column":21},"end":{"line":8,"column":22}},"loc":{"start":{"line":8,"column":27},"end":{"line":23,"column":3}},"line":8},"2":{"name":"(anonymous_2)","decl":{"start":{"line":21,"column":12},"end":{"line":21,"column":13}},"loc":{"start":{"line":21,"column":21},"end":{"line":21,"column":38}},"line":21},"3":{"name":"(anonymous_3)","decl":{"start":{"line":22,"column":13},"end":{"line":22,"column":14}},"loc":{"start":{"line":22,"column":19},"end":{"line":22,"column":37}},"line":22},"4":{"name":"(anonymous_4)","decl":{"start":{"line":25,"column":12},"end":{"line":25,"column":13}},"loc":{"start":{"line":25,"column":18},"end":{"line":28,"column":3}},"line":25}},"branchMap":{"0":{"loc":{"start":{"line":12,"column":13},"end":{"line":12,"column":29}},"type":"binary-expr","locations":[{"start":{"line":12,"column":13},"end":{"line":12,"column":17}},{"start":{"line":12,"column":21},"end":{"line":12,"column":29}}],"line":12}},"s":{"0":2,"1":0,"2":0,"3":0,"4":0,"5":0,"6":0,"7":0,"8":0,"9":0},"f":{"0":0,"1":0,"2":0,"3":0,"4":0},"b":{"0":[0,0]},"_coverageSchema":"1a1c01bbd47fc00a2c39e90264f33305004495a9","hash":"c5b421fba0042695a90f0644908af77afd629ce5"}
,"/Users/denisnikitin/Desktop/weather/src/hooks/useWeatherImg.ts": {"path":"/Users/denisnikitin/Desktop/weather/src/hooks/useWeatherImg.ts","statementMap":{"0":{"start":{"line":4,"column":29},"end":{"line":28,"column":1}},"1":{"start":{"line":5,"column":24},"end":{"line":5,"column":36}},"2":{"start":{"line":6,"column":20},"end":{"line":22,"column":3}},"3":{"start":{"line":7,"column":4},"end":{"line":9,"column":5}},"4":{"start":{"line":8,"column":6},"end":{"line":8,"column":97}},"5":{"start":{"line":10,"column":4},"end":{"line":18,"column":5}},"6":{"start":{"line":17,"column":6},"end":{"line":17,"column":97}},"7":{"start":{"line":19,"column":4},"end":{"line":21,"column":5}},"8":{"start":{"line":20,"column":6},"end":{"line":20,"column":99}},"9":{"start":{"line":25,"column":2},"end":{"line":25,"column":38}},"10":{"start":{"line":25,"column":18},"end":{"line":25,"column":29}},"11":{"start":{"line":27,"column":2},"end":{"line":27,"column":16}}},"fnMap":{"0":{"name":"(anonymous_0)","decl":{"start":{"line":4,"column":29},"end":{"line":4,"column":30}},"loc":{"start":{"line":4,"column":47},"end":{"line":28,"column":1}},"line":4},"1":{"name":"(anonymous_1)","decl":{"start":{"line":6,"column":20},"end":{"line":6,"column":21}},"loc":{"start":{"line":6,"column":26},"end":{"line":22,"column":3}},"line":6},"2":{"name":"(anonymous_2)","decl":{"start":{"line":25,"column":12},"end":{"line":25,"column":13}},"loc":{"start":{"line":25,"column":18},"end":{"line":25,"column":29}},"line":25}},"branchMap":{"0":{"loc":{"start":{"line":7,"column":4},"end":{"line":9,"column":5}},"type":"if","locations":[{"start":{"line":7,"column":4},"end":{"line":9,"column":5}},{"start":{},"end":{}}],"line":7},"1":{"loc":{"start":{"line":7,"column":8},"end":{"line":7,"column":66}},"type":"binary-expr","locations":[{"start":{"line":7,"column":8},"end":{"line":7,"column":23}},{"start":{"line":7,"column":27},"end":{"line":7,"column":43}},{"start":{"line":7,"column":47},"end":{"line":7,"column":66}}],"line":7},"2":{"loc":{"start":{"line":8,"column":13},"end":{"line":8,"column":97}},"type":"cond-expr","locations":[{"start":{"line":8,"column":58},"end":{"line":8,"column":76}},{"start":{"line":8,"column":79},"end":{"line":8,"column":97}}],"line":8},"3":{"loc":{"start":{"line":8,"column":13},"end":{"line":8,"column":55}},"type":"binary-expr","locations":[{"start":{"line":8,"column":13},"end":{"line":8,"column":32}},{"start":{"line":8,"column":36},"end":{"line":8,"column":55}}],"line":8},"4":{"loc":{"start":{"line":10,"column":4},"end":{"line":18,"column":5}},"type":"if","locations":[{"start":{"line":10,"column":4},"end":{"line":18,"column":5}},{"start":{},"end":{}}],"line":10},"5":{"loc":{"start":{"line":11,"column":6},"end":{"line":15,"column":69}},"type":"binary-expr","locations":[{"start":{"line":11,"column":6},"end":{"line":11,"column":22}},{"start":{"line":12,"column":6},"end":{"line":12,"column":30}},{"start":{"line":13,"column":6},"end":{"line":13,"column":25}},{"start":{"line":14,"column":6},"end":{"line":14,"column":73}},{"start":{"line":15,"column":6},"end":{"line":15,"column":69}}],"line":11},"6":{"loc":{"start":{"line":17,"column":13},"end":{"line":17,"column":97}},"type":"cond-expr","locations":[{"start":{"line":17,"column":58},"end":{"line":17,"column":76}},{"start":{"line":17,"column":79},"end":{"line":17,"column":97}}],"line":17},"7":{"loc":{"start":{"line":17,"column":13},"end":{"line":17,"column":55}},"type":"binary-expr","locations":[{"start":{"line":17,"column":13},"end":{"line":17,"column":32}},{"start":{"line":17,"column":36},"end":{"line":17,"column":55}}],"line":17},"8":{"loc":{"start":{"line":19,"column":4},"end":{"line":21,"column":5}},"type":"if","locations":[{"start":{"line":19,"column":4},"end":{"line":21,"column":5}},{"start":{},"end":{}}],"line":19},"9":{"loc":{"start":{"line":19,"column":8},"end":{"line":19,"column":62}},"type":"binary-expr","locations":[{"start":{"line":19,"column":8},"end":{"line":19,"column":26}},{"start":{"line":19,"column":30},"end":{"line":19,"column":62}}],"line":19},"10":{"loc":{"start":{"line":20,"column":13},"end":{"line":20,"column":99}},"type":"cond-expr","locations":[{"start":{"line":20,"column":58},"end":{"line":20,"column":76}},{"start":{"line":20,"column":79},"end":{"line":20,"column":99}}],"line":20},"11":{"loc":{"start":{"line":20,"column":13},"end":{"line":20,"column":55}},"type":"binary-expr","locations":[{"start":{"line":20,"column":13},"end":{"line":20,"column":32}},{"start":{"line":20,"column":36},"end":{"line":20,"column":55}}],"line":20}},"s":{"0":2,"1":0,"2":0,"3":0,"4":0,"5":0,"6":0,"7":0,"8":0,"9":0,"10":0,"11":0},"f":{"0":0,"1":0,"2":0},"b":{"0":[0,0],"1":[0,0,0],"2":[0,0],"3":[0,0],"4":[0,0],"5":[0,0,0,0,0],"6":[0,0],"7":[0,0],"8":[0,0],"9":[0,0],"10":[0,0],"11":[0,0]},"_coverageSchema":"1a1c01bbd47fc00a2c39e90264f33305004495a9","hash":"5f728071c1da1ed86d74bf363304052403cf25b4"}
,"/Users/denisnikitin/Desktop/weather/src/types/data.interface.ts": {"path":"/Users/denisnikitin/Desktop/weather/src/types/data.interface.ts","statementMap":{},"fnMap":{},"branchMap":{},"s":{},"f":{},"b":{}}
}
