TN:
SF:src/components/screens/home/forecast3day/Forecast3Day.tsx
FN:8,(anonymous_0)
FN:13,(anonymous_1)
FN:15,(anonymous_2)
FN:16,(anonymous_3)
FN:18,(anonymous_4)
FN:26,(anonymous_5)
FN:31,(anonymous_6)
FN:48,(anonymous_7)
FNF:8
FNH:4
FNDA:1,(anonymous_0)
FNDA:1,(anonymous_1)
FNDA:2,(anonymous_2)
FNDA:0,(anonymous_3)
FNDA:1,(anonymous_4)
FNDA:0,(anonymous_5)
FNDA:0,(anonymous_6)
FNDA:0,(anonymous_7)
DA:8,1
DA:9,1
DA:11,1
DA:13,1
DA:15,1
DA:16,2
DA:18,1
DA:19,1
DA:23,1
DA:27,0
DA:31,0
DA:49,0
LF:12
LH:9
BRDA:16,0,0,0
BRDA:16,0,1,0
BRDA:35,1,0,0
BRDA:35,1,1,0
BRF:4
BRH:0
end_of_record
TN:
SF:src/components/screens/home/forecastDay/ForecastDay.tsx
FN:6,(anonymous_0)
FN:9,(anonymous_1)
FN:10,(anonymous_2)
FNF:3
FNH:2
FNDA:1,(anonymous_0)
FNDA:1,(anonymous_1)
FNDA:0,(anonymous_2)
DA:6,1
DA:7,1
DA:9,1
DA:10,1
DA:11,1
DA:13,1
LF:6
LH:6
BRF:0
BRH:0
end_of_record
TN:
SF:src/components/screens/home/popular-area/PopularArea.tsx
FN:6,(anonymous_0)
FN:15,(anonymous_1)
FNF:2
FNH:2
FNDA:1,(anonymous_0)
FNDA:8,(anonymous_1)
DA:6,1
DA:7,1
DA:16,8
LF:3
LH:3
BRF:0
BRH:0
end_of_record
TN:
SF:src/components/screens/search/SearchPage.tsx
FN:7,(anonymous_0)
FN:14,(anonymous_1)
FN:23,(anonymous_2)
FNF:3
FNH:3
FNDA:10,(anonymous_0)
FNDA:6,(anonymous_1)
FNDA:1,(anonymous_2)
DA:7,1
DA:8,10
DA:9,9
DA:10,9
DA:14,6
DA:23,1
LF:6
LH:6
BRF:0
BRH:0
end_of_record
TN:
SF:src/components/screens/search/search-item/SearchItem.tsx
FN:5,(anonymous_0)
FN:13,(anonymous_1)
FNF:2
FNH:1
FNDA:10,(anonymous_0)
FNDA:0,(anonymous_1)
DA:5,1
DA:6,10
DA:7,10
DA:13,0
LF:4
LH:3
BRDA:7,0,0,0
BRDA:7,0,1,10
BRF:2
BRH:1
end_of_record
TN:
SF:src/components/ui/chart/Chart.js
FN:4,Charts
FN:5,(anonymous_1)
FN:52,(anonymous_2)
FN:55,(anonymous_3)
FN:58,(anonymous_4)
FNF:5
FNH:2
FNDA:1,Charts
FNDA:1,(anonymous_1)
FNDA:0,(anonymous_2)
FNDA:0,(anonymous_3)
FNDA:0,(anonymous_4)
DA:5,1
DA:6,1
DA:7,1
DA:53,0
DA:56,0
DA:59,0
DA:60,0
DA:104,1
LF:8
LH:4
BRDA:7,0,0,1
BRDA:7,0,1,0
BRF:2
BRH:1
end_of_record
TN:
SF:src/hooks/useCityImage.ts
FN:4,(anonymous_0)
FN:10,(anonymous_1)
FN:22,(anonymous_2)
FNF:3
FNH:2
FNDA:9,(anonymous_0)
FNDA:3,(anonymous_1)
FNDA:0,(anonymous_2)
DA:4,1
DA:5,9
DA:9,9
DA:10,9
DA:11,3
DA:23,0
DA:32,9
LF:7
LH:6
BRDA:14,0,0,3
BRDA:14,0,1,2
BRF:2
BRH:2
end_of_record
TN:
SF:src/hooks/useWeatherData.ts
FN:5,(anonymous_0)
FN:8,(anonymous_1)
FN:21,(anonymous_2)
FN:22,(anonymous_3)
FN:25,(anonymous_4)
FNF:5
FNH:0
FNDA:0,(anonymous_0)
FNDA:0,(anonymous_1)
FNDA:0,(anonymous_2)
FNDA:0,(anonymous_3)
FNDA:0,(anonymous_4)
DA:5,2
DA:6,0
DA:7,0
DA:8,0
DA:9,0
DA:21,0
DA:22,0
DA:25,0
DA:26,0
DA:30,0
LF:10
LH:1
BRDA:12,0,0,0
BRDA:12,0,1,0
BRF:2
BRH:0
end_of_record
TN:
SF:src/hooks/useWeatherImg.ts
FN:4,(anonymous_0)
FN:6,(anonymous_1)
FN:25,(anonymous_2)
FNF:3
FNH:0
FNDA:0,(anonymous_0)
FNDA:0,(anonymous_1)
FNDA:0,(anonymous_2)
DA:4,2
DA:5,0
DA:6,0
DA:7,0
DA:8,0
DA:10,0
DA:17,0
DA:19,0
DA:20,0
DA:25,0
DA:27,0
LF:11
LH:1
BRDA:7,0,0,0
BRDA:7,0,1,0
BRDA:7,1,0,0
BRDA:7,1,1,0
BRDA:7,1,2,0
BRDA:8,2,0,0
BRDA:8,2,1,0
BRDA:8,3,0,0
BRDA:8,3,1,0
BRDA:10,4,0,0
BRDA:10,4,1,0
BRDA:11,5,0,0
BRDA:11,5,1,0
BRDA:11,5,2,0
BRDA:11,5,3,0
BRDA:11,5,4,0
BRDA:17,6,0,0
BRDA:17,6,1,0
BRDA:17,7,0,0
BRDA:17,7,1,0
BRDA:19,8,0,0
BRDA:19,8,1,0
BRDA:19,9,0,0
BRDA:19,9,1,0
BRDA:20,10,0,0
BRDA:20,10,1,0
BRDA:20,11,0,0
BRDA:20,11,1,0
BRF:28
BRH:0
end_of_record
TN:
SF:src/types/data.interface.ts
FNF:0
FNH:0
LF:0
LH:0
BRF:0
BRH:0
end_of_record
